#! /c/Source/iverilog-install/bin/vvp
:ivl_version "12.0 (devel)" "(s20150603-1110-g18392a46)";
:ivl_delay_selection "TYPICAL";
:vpi_time_precision + 0;
:vpi_module "C:\iverilog\lib\ivl\system.vpi";
:vpi_module "C:\iverilog\lib\ivl\vhdl_sys.vpi";
:vpi_module "C:\iverilog\lib\ivl\vhdl_textio.vpi";
:vpi_module "C:\iverilog\lib\ivl\v2005_math.vpi";
:vpi_module "C:\iverilog\lib\ivl\va_math.vpi";
S_00000267b0d914b0 .scope module, "test" "test" 2 1;
 .timescale 0 0;
v00000267b0de9e90_0 .var "a", 3 0;
v00000267b0de8770_0 .var "en", 0 0;
v00000267b0de95d0_0 .net "y", 15 0, L_00000267b0ded0d0;  1 drivers
S_00000267b0d927e0 .scope module, "a1" "decoder4" 2 5, 3 3 0, S_00000267b0d914b0;
 .timescale 0 0;
    .port_info 0 /OUTPUT 16 "y";
    .port_info 1 /INPUT 4 "a";
    .port_info 2 /INPUT 1 "en";
L_00000267b0d8c970 .functor NOT 1, L_00000267b0dea570, C4<0>, C4<0>, C4<0>;
L_00000267b0d8ceb0 .functor AND 1, L_00000267b0dea610, v00000267b0de8770_0, C4<1>, C4<1>;
L_00000267b0d8cc10 .functor AND 1, L_00000267b0de8f90, v00000267b0de8770_0, C4<1>, C4<1>;
v00000267b0dea430_0 .net *"_ivl_0", 0 0, L_00000267b0d8c970;  1 drivers
v00000267b0dea390_0 .net *"_ivl_12", 0 0, L_00000267b0de8f90;  1 drivers
v00000267b0de97b0_0 .net *"_ivl_3", 0 0, L_00000267b0dea570;  1 drivers
v00000267b0de8db0_0 .net *"_ivl_4", 0 0, L_00000267b0d8ceb0;  1 drivers
v00000267b0de88b0_0 .net *"_ivl_7", 0 0, L_00000267b0dea610;  1 drivers
v00000267b0de8bd0_0 .net *"_ivl_8", 0 0, L_00000267b0d8cc10;  1 drivers
v00000267b0de9710_0 .net "a", 3 0, v00000267b0de9e90_0;  1 drivers
v00000267b0de9850_0 .net "en", 0 0, v00000267b0de8770_0;  1 drivers
v00000267b0dea4d0_0 .net "w", 2 0, L_00000267b0de90d0;  1 drivers
v00000267b0de98f0_0 .net "y", 15 0, L_00000267b0ded0d0;  alias, 1 drivers
L_00000267b0dea570 .part v00000267b0de9e90_0, 3, 1;
L_00000267b0dea610 .part L_00000267b0de90d0, 0, 1;
L_00000267b0de90d0 .concat8 [ 1 1 1 0], L_00000267b0d8c970, L_00000267b0d8ceb0, L_00000267b0d8cc10;
L_00000267b0de8f90 .part v00000267b0de9e90_0, 3, 1;
L_00000267b0dec770 .part v00000267b0de9e90_0, 0, 3;
L_00000267b0dec810 .part L_00000267b0de90d0, 1, 1;
L_00000267b0ded0d0 .concat8 [ 8 8 0 0], L_00000267b0ded7b0, L_00000267b0debd70;
L_00000267b0ded170 .part v00000267b0de9e90_0, 0, 3;
L_00000267b0dec590 .part v00000267b0de9e90_0, 3, 1;
S_00000267b0d7b070 .scope module, "a1" "decoder3" 3 11, 4 3 0, S_00000267b0d927e0;
 .timescale 0 0;
    .port_info 0 /OUTPUT 8 "y";
    .port_info 1 /INPUT 3 "a";
    .port_info 2 /INPUT 1 "en";
L_00000267b0d8c510 .functor NOT 1, L_00000267b0de8810, C4<0>, C4<0>, C4<0>;
L_00000267b0d8c120 .functor AND 1, L_00000267b0de92b0, L_00000267b0dec810, C4<1>, C4<1>;
L_00000267b0d8c2e0 .functor AND 1, L_00000267b0de9210, L_00000267b0dec810, C4<1>, C4<1>;
v00000267b0d8e850_0 .net *"_ivl_0", 0 0, L_00000267b0d8c510;  1 drivers
v00000267b0d8ea30_0 .net *"_ivl_12", 0 0, L_00000267b0de9210;  1 drivers
v00000267b0d838a0_0 .net *"_ivl_3", 0 0, L_00000267b0de8810;  1 drivers
v00000267b0d82180_0 .net *"_ivl_4", 0 0, L_00000267b0d8c120;  1 drivers
v00000267b0d82900_0 .net *"_ivl_7", 0 0, L_00000267b0de92b0;  1 drivers
v00000267b0d83b20_0 .net *"_ivl_8", 0 0, L_00000267b0d8c2e0;  1 drivers
v00000267b0d6cf20_0 .net "a", 2 0, L_00000267b0dec770;  1 drivers
v00000267b0de5ff0_0 .net "en", 0 0, L_00000267b0dec810;  1 drivers
v00000267b0de73f0_0 .net "w", 2 0, L_00000267b0de8950;  1 drivers
v00000267b0de7b70_0 .net "y", 7 0, L_00000267b0ded7b0;  1 drivers
L_00000267b0de8810 .part L_00000267b0dec770, 2, 1;
L_00000267b0de92b0 .part L_00000267b0de8950, 0, 1;
L_00000267b0de8950 .concat8 [ 1 1 1 0], L_00000267b0d8c510, L_00000267b0d8c120, L_00000267b0d8c2e0;
L_00000267b0de9210 .part L_00000267b0dec770, 2, 1;
L_00000267b0de9a30 .part L_00000267b0dec770, 0, 2;
L_00000267b0de9cb0 .part L_00000267b0de8950, 1, 1;
L_00000267b0ded7b0 .concat8 [ 4 4 0 0], L_00000267b0de9c10, L_00000267b0de8ef0;
L_00000267b0dec310 .part L_00000267b0dec770, 0, 2;
L_00000267b0dec3b0 .part L_00000267b0de8950, 2, 1;
S_00000267b0d7b200 .scope module, "a1" "decoder2" 4 11, 5 1 0, S_00000267b0d7b070;
 .timescale 0 0;
    .port_info 0 /OUTPUT 4 "y";
    .port_info 1 /INPUT 2 "a";
    .port_info 2 /INPUT 1 "en";
L_00000267b0d8c820 .functor NOT 1, L_00000267b0de9030, C4<0>, C4<0>, C4<0>;
L_00000267b0d8c190 .functor NOT 1, L_00000267b0dea110, C4<0>, C4<0>, C4<0>;
L_00000267b0d8cc80 .functor AND 1, L_00000267b0de8c70, L_00000267b0de9350, L_00000267b0de9cb0, C4<1>;
L_00000267b0d8c200 .functor AND 1, L_00000267b0de9490, L_00000267b0de93f0, L_00000267b0de9cb0, C4<1>;
L_00000267b0d8c9e0 .functor AND 1, L_00000267b0de9530, L_00000267b0de8b30, L_00000267b0de9cb0, C4<1>;
L_00000267b0d8c270 .functor AND 1, L_00000267b0de9670, L_00000267b0de9990, L_00000267b0de9cb0, C4<1>;
v00000267b0d8f7f0_0 .net *"_ivl_0", 0 0, L_00000267b0d8c820;  1 drivers
v00000267b0d8f610_0 .net *"_ivl_12", 0 0, L_00000267b0de8c70;  1 drivers
v00000267b0d8e990_0 .net *"_ivl_14", 0 0, L_00000267b0de9350;  1 drivers
v00000267b0d8fe30_0 .net *"_ivl_15", 0 0, L_00000267b0d8c200;  1 drivers
v00000267b0d8fbb0_0 .net *"_ivl_18", 0 0, L_00000267b0de9490;  1 drivers
v00000267b0d8f6b0_0 .net *"_ivl_20", 0 0, L_00000267b0de93f0;  1 drivers
v00000267b0d8edf0_0 .net *"_ivl_21", 0 0, L_00000267b0d8c9e0;  1 drivers
v00000267b0d8f890_0 .net *"_ivl_24", 0 0, L_00000267b0de9530;  1 drivers
v00000267b0d8f390_0 .net *"_ivl_26", 0 0, L_00000267b0de8b30;  1 drivers
v00000267b0d8e350_0 .net *"_ivl_27", 0 0, L_00000267b0d8c270;  1 drivers
v00000267b0d8ec10_0 .net *"_ivl_3", 0 0, L_00000267b0de9030;  1 drivers
v00000267b0d8e8f0_0 .net *"_ivl_31", 0 0, L_00000267b0de9670;  1 drivers
v00000267b0d8fa70_0 .net *"_ivl_33", 0 0, L_00000267b0de9990;  1 drivers
v00000267b0d8e7b0_0 .net *"_ivl_4", 0 0, L_00000267b0d8c190;  1 drivers
v00000267b0d8e710_0 .net *"_ivl_8", 0 0, L_00000267b0dea110;  1 drivers
v00000267b0d8fc50_0 .net *"_ivl_9", 0 0, L_00000267b0d8cc80;  1 drivers
v00000267b0d8ee90_0 .net "a", 1 0, L_00000267b0de9a30;  1 drivers
v00000267b0d8ef30_0 .net "en", 0 0, L_00000267b0de9cb0;  1 drivers
v00000267b0d8ecb0_0 .net "w", 1 0, L_00000267b0de8e50;  1 drivers
v00000267b0d8f930_0 .net "y", 3 0, L_00000267b0de9c10;  1 drivers
L_00000267b0de9030 .part L_00000267b0de9a30, 0, 1;
L_00000267b0de8e50 .concat8 [ 1 1 0 0], L_00000267b0d8c820, L_00000267b0d8c190;
L_00000267b0dea110 .part L_00000267b0de9a30, 1, 1;
L_00000267b0de8c70 .part L_00000267b0de8e50, 0, 1;
L_00000267b0de9350 .part L_00000267b0de8e50, 1, 1;
L_00000267b0de9490 .part L_00000267b0de9a30, 0, 1;
L_00000267b0de93f0 .part L_00000267b0de8e50, 1, 1;
L_00000267b0de9530 .part L_00000267b0de8e50, 0, 1;
L_00000267b0de8b30 .part L_00000267b0de9a30, 1, 1;
L_00000267b0de9c10 .concat8 [ 1 1 1 1], L_00000267b0d8cc80, L_00000267b0d8c200, L_00000267b0d8c9e0, L_00000267b0d8c270;
L_00000267b0de9670 .part L_00000267b0de9a30, 0, 1;
L_00000267b0de9990 .part L_00000267b0de9a30, 1, 1;
S_00000267b0d7b390 .scope module, "a2" "decoder2" 4 12, 5 1 0, S_00000267b0d7b070;
 .timescale 0 0;
    .port_info 0 /OUTPUT 4 "y";
    .port_info 1 /INPUT 2 "a";
    .port_info 2 /INPUT 1 "en";
L_00000267b0d8c890 .functor NOT 1, L_00000267b0de9ad0, C4<0>, C4<0>, C4<0>;
L_00000267b0d8cf20 .functor NOT 1, L_00000267b0de8a90, C4<0>, C4<0>, C4<0>;
L_00000267b0d8c3c0 .functor AND 1, L_00000267b0de9d50, L_00000267b0de9df0, L_00000267b0dec3b0, C4<1>;
L_00000267b0d8ccf0 .functor AND 1, L_00000267b0de9f30, L_00000267b0de9fd0, L_00000267b0dec3b0, C4<1>;
L_00000267b0d8cac0 .functor AND 1, L_00000267b0dea070, L_00000267b0de8d10, L_00000267b0dec3b0, C4<1>;
L_00000267b0d8c900 .functor AND 1, L_00000267b0dea1b0, L_00000267b0dea250, L_00000267b0dec3b0, C4<1>;
v00000267b0d8efd0_0 .net *"_ivl_0", 0 0, L_00000267b0d8c890;  1 drivers
v00000267b0d8e210_0 .net *"_ivl_12", 0 0, L_00000267b0de9d50;  1 drivers
v00000267b0d8ff70_0 .net *"_ivl_14", 0 0, L_00000267b0de9df0;  1 drivers
v00000267b0d8ed50_0 .net *"_ivl_15", 0 0, L_00000267b0d8ccf0;  1 drivers
v00000267b0d8f070_0 .net *"_ivl_18", 0 0, L_00000267b0de9f30;  1 drivers
v00000267b0d8f110_0 .net *"_ivl_20", 0 0, L_00000267b0de9fd0;  1 drivers
v00000267b0d8f1b0_0 .net *"_ivl_21", 0 0, L_00000267b0d8cac0;  1 drivers
v00000267b0d8e2b0_0 .net *"_ivl_24", 0 0, L_00000267b0dea070;  1 drivers
v00000267b0d8e670_0 .net *"_ivl_26", 0 0, L_00000267b0de8d10;  1 drivers
v00000267b0d8fcf0_0 .net *"_ivl_27", 0 0, L_00000267b0d8c900;  1 drivers
v00000267b0d8f2f0_0 .net *"_ivl_3", 0 0, L_00000267b0de9ad0;  1 drivers
v00000267b0d8f250_0 .net *"_ivl_31", 0 0, L_00000267b0dea1b0;  1 drivers
v00000267b0d8e0d0_0 .net *"_ivl_33", 0 0, L_00000267b0dea250;  1 drivers
v00000267b0d8f9d0_0 .net *"_ivl_4", 0 0, L_00000267b0d8cf20;  1 drivers
v00000267b0d8f430_0 .net *"_ivl_8", 0 0, L_00000267b0de8a90;  1 drivers
v00000267b0d8f4d0_0 .net *"_ivl_9", 0 0, L_00000267b0d8c3c0;  1 drivers
v00000267b0d8e3f0_0 .net "a", 1 0, L_00000267b0dec310;  1 drivers
v00000267b0d8e490_0 .net "en", 0 0, L_00000267b0dec3b0;  1 drivers
v00000267b0d8e530_0 .net "w", 1 0, L_00000267b0de89f0;  1 drivers
v00000267b0d8e5d0_0 .net "y", 3 0, L_00000267b0de8ef0;  1 drivers
L_00000267b0de9ad0 .part L_00000267b0dec310, 0, 1;
L_00000267b0de89f0 .concat8 [ 1 1 0 0], L_00000267b0d8c890, L_00000267b0d8cf20;
L_00000267b0de8a90 .part L_00000267b0dec310, 1, 1;
L_00000267b0de9d50 .part L_00000267b0de89f0, 0, 1;
L_00000267b0de9df0 .part L_00000267b0de89f0, 1, 1;
L_00000267b0de9f30 .part L_00000267b0dec310, 0, 1;
L_00000267b0de9fd0 .part L_00000267b0de89f0, 1, 1;
L_00000267b0dea070 .part L_00000267b0de89f0, 0, 1;
L_00000267b0de8d10 .part L_00000267b0dec310, 1, 1;
L_00000267b0de8ef0 .concat8 [ 1 1 1 1], L_00000267b0d8c3c0, L_00000267b0d8ccf0, L_00000267b0d8cac0, L_00000267b0d8c900;
L_00000267b0dea1b0 .part L_00000267b0dec310, 0, 1;
L_00000267b0dea250 .part L_00000267b0dec310, 1, 1;
S_00000267b0d76a00 .scope module, "a2" "decoder3" 3 12, 4 3 0, S_00000267b0d927e0;
 .timescale 0 0;
    .port_info 0 /OUTPUT 8 "y";
    .port_info 1 /INPUT 3 "a";
    .port_info 2 /INPUT 1 "en";
L_00000267b0d8cb30 .functor NOT 1, L_00000267b0decd10, C4<0>, C4<0>, C4<0>;
L_00000267b0d8c4a0 .functor AND 1, L_00000267b0ded530, L_00000267b0dec590, C4<1>, C4<1>;
L_00000267b0d8c580 .functor AND 1, L_00000267b0decb30, L_00000267b0dec590, C4<1>, C4<1>;
v00000267b0de63b0_0 .net *"_ivl_0", 0 0, L_00000267b0d8cb30;  1 drivers
v00000267b0de75d0_0 .net *"_ivl_12", 0 0, L_00000267b0decb30;  1 drivers
v00000267b0de6450_0 .net *"_ivl_3", 0 0, L_00000267b0decd10;  1 drivers
v00000267b0de6630_0 .net *"_ivl_4", 0 0, L_00000267b0d8c4a0;  1 drivers
v00000267b0de6810_0 .net *"_ivl_7", 0 0, L_00000267b0ded530;  1 drivers
v00000267b0de68b0_0 .net *"_ivl_8", 0 0, L_00000267b0d8c580;  1 drivers
v00000267b0de6950_0 .net "a", 2 0, L_00000267b0ded170;  1 drivers
v00000267b0de9170_0 .net "en", 0 0, L_00000267b0dec590;  1 drivers
v00000267b0de9b70_0 .net "w", 2 0, L_00000267b0dec4f0;  1 drivers
v00000267b0dea2f0_0 .net "y", 7 0, L_00000267b0debd70;  1 drivers
L_00000267b0decd10 .part L_00000267b0ded170, 2, 1;
L_00000267b0ded530 .part L_00000267b0dec4f0, 0, 1;
L_00000267b0dec4f0 .concat8 [ 1 1 1 0], L_00000267b0d8cb30, L_00000267b0d8c4a0, L_00000267b0d8c580;
L_00000267b0decb30 .part L_00000267b0ded170, 2, 1;
L_00000267b0deca90 .part L_00000267b0ded170, 0, 2;
L_00000267b0dec950 .part L_00000267b0dec4f0, 1, 1;
L_00000267b0debd70 .concat8 [ 4 4 0 0], L_00000267b0decbd0, L_00000267b0ded2b0;
L_00000267b0ded210 .part L_00000267b0ded170, 0, 2;
L_00000267b0dec1d0 .part L_00000267b0dec4f0, 2, 1;
S_00000267b0d76b90 .scope module, "a1" "decoder2" 4 11, 5 1 0, S_00000267b0d76a00;
 .timescale 0 0;
    .port_info 0 /OUTPUT 4 "y";
    .port_info 1 /INPUT 2 "a";
    .port_info 2 /INPUT 1 "en";
L_00000267b0d8c5f0 .functor NOT 1, L_00000267b0dec130, C4<0>, C4<0>, C4<0>;
L_00000267b0d8cdd0 .functor NOT 1, L_00000267b0ded850, C4<0>, C4<0>, C4<0>;
L_00000267b0d8cf90 .functor AND 1, L_00000267b0ded670, L_00000267b0debf50, L_00000267b0dec950, C4<1>;
L_00000267b0d8ce40 .functor AND 1, L_00000267b0debb90, L_00000267b0decdb0, L_00000267b0dec950, C4<1>;
L_00000267b0d8ca50 .functor AND 1, L_00000267b0dec090, L_00000267b0dec270, L_00000267b0dec950, C4<1>;
L_00000267b0d8c430 .functor AND 1, L_00000267b0decc70, L_00000267b0dece50, L_00000267b0dec950, C4<1>;
v00000267b0de5f50_0 .net *"_ivl_0", 0 0, L_00000267b0d8c5f0;  1 drivers
v00000267b0de7a30_0 .net *"_ivl_12", 0 0, L_00000267b0ded670;  1 drivers
v00000267b0de6ef0_0 .net *"_ivl_14", 0 0, L_00000267b0debf50;  1 drivers
v00000267b0de6590_0 .net *"_ivl_15", 0 0, L_00000267b0d8ce40;  1 drivers
v00000267b0de6db0_0 .net *"_ivl_18", 0 0, L_00000267b0debb90;  1 drivers
v00000267b0de7030_0 .net *"_ivl_20", 0 0, L_00000267b0decdb0;  1 drivers
v00000267b0de7df0_0 .net *"_ivl_21", 0 0, L_00000267b0d8ca50;  1 drivers
v00000267b0de7990_0 .net *"_ivl_24", 0 0, L_00000267b0dec090;  1 drivers
v00000267b0de7210_0 .net *"_ivl_26", 0 0, L_00000267b0dec270;  1 drivers
v00000267b0de7670_0 .net *"_ivl_27", 0 0, L_00000267b0d8c430;  1 drivers
v00000267b0de7cb0_0 .net *"_ivl_3", 0 0, L_00000267b0dec130;  1 drivers
v00000267b0de69f0_0 .net *"_ivl_31", 0 0, L_00000267b0decc70;  1 drivers
v00000267b0de6770_0 .net *"_ivl_33", 0 0, L_00000267b0dece50;  1 drivers
v00000267b0de6090_0 .net *"_ivl_4", 0 0, L_00000267b0d8cdd0;  1 drivers
v00000267b0de6b30_0 .net *"_ivl_8", 0 0, L_00000267b0ded850;  1 drivers
v00000267b0de7710_0 .net *"_ivl_9", 0 0, L_00000267b0d8cf90;  1 drivers
v00000267b0de77b0_0 .net "a", 1 0, L_00000267b0deca90;  1 drivers
v00000267b0de6e50_0 .net "en", 0 0, L_00000267b0dec950;  1 drivers
v00000267b0de6130_0 .net "w", 1 0, L_00000267b0ded5d0;  1 drivers
v00000267b0de78f0_0 .net "y", 3 0, L_00000267b0decbd0;  1 drivers
L_00000267b0dec130 .part L_00000267b0deca90, 0, 1;
L_00000267b0ded5d0 .concat8 [ 1 1 0 0], L_00000267b0d8c5f0, L_00000267b0d8cdd0;
L_00000267b0ded850 .part L_00000267b0deca90, 1, 1;
L_00000267b0ded670 .part L_00000267b0ded5d0, 0, 1;
L_00000267b0debf50 .part L_00000267b0ded5d0, 1, 1;
L_00000267b0debb90 .part L_00000267b0deca90, 0, 1;
L_00000267b0decdb0 .part L_00000267b0ded5d0, 1, 1;
L_00000267b0dec090 .part L_00000267b0ded5d0, 0, 1;
L_00000267b0dec270 .part L_00000267b0deca90, 1, 1;
L_00000267b0decbd0 .concat8 [ 1 1 1 1], L_00000267b0d8cf90, L_00000267b0d8ce40, L_00000267b0d8ca50, L_00000267b0d8c430;
L_00000267b0decc70 .part L_00000267b0deca90, 0, 1;
L_00000267b0dece50 .part L_00000267b0deca90, 1, 1;
S_00000267b0d42c70 .scope module, "a2" "decoder2" 4 12, 5 1 0, S_00000267b0d76a00;
 .timescale 0 0;
    .port_info 0 /OUTPUT 4 "y";
    .port_info 1 /INPUT 2 "a";
    .port_info 2 /INPUT 1 "en";
L_00000267b0d8c7b0 .functor NOT 1, L_00000267b0ded710, C4<0>, C4<0>, C4<0>;
L_00000267b0def010 .functor NOT 1, L_00000267b0dec630, C4<0>, C4<0>, C4<0>;
L_00000267b0def8d0 .functor AND 1, L_00000267b0debc30, L_00000267b0ded350, L_00000267b0dec1d0, C4<1>;
L_00000267b0deefa0 .functor AND 1, L_00000267b0decf90, L_00000267b0dec9f0, L_00000267b0dec1d0, C4<1>;
L_00000267b0deec20 .functor AND 1, L_00000267b0ded8f0, L_00000267b0ded030, L_00000267b0dec1d0, C4<1>;
L_00000267b0deebb0 .functor AND 1, L_00000267b0deda30, L_00000267b0ded990, L_00000267b0dec1d0, C4<1>;
v00000267b0de6a90_0 .net *"_ivl_0", 0 0, L_00000267b0d8c7b0;  1 drivers
v00000267b0de6f90_0 .net *"_ivl_12", 0 0, L_00000267b0debc30;  1 drivers
v00000267b0de7850_0 .net *"_ivl_14", 0 0, L_00000267b0ded350;  1 drivers
v00000267b0de7c10_0 .net *"_ivl_15", 0 0, L_00000267b0deefa0;  1 drivers
v00000267b0de70d0_0 .net *"_ivl_18", 0 0, L_00000267b0decf90;  1 drivers
v00000267b0de61d0_0 .net *"_ivl_20", 0 0, L_00000267b0dec9f0;  1 drivers
v00000267b0de7170_0 .net *"_ivl_21", 0 0, L_00000267b0deec20;  1 drivers
v00000267b0de6c70_0 .net *"_ivl_24", 0 0, L_00000267b0ded8f0;  1 drivers
v00000267b0de7ad0_0 .net *"_ivl_26", 0 0, L_00000267b0ded030;  1 drivers
v00000267b0de72b0_0 .net *"_ivl_27", 0 0, L_00000267b0deebb0;  1 drivers
v00000267b0de64f0_0 .net *"_ivl_3", 0 0, L_00000267b0ded710;  1 drivers
v00000267b0de6310_0 .net *"_ivl_31", 0 0, L_00000267b0deda30;  1 drivers
v00000267b0de7d50_0 .net *"_ivl_33", 0 0, L_00000267b0ded990;  1 drivers
v00000267b0de6270_0 .net *"_ivl_4", 0 0, L_00000267b0def010;  1 drivers
v00000267b0de7350_0 .net *"_ivl_8", 0 0, L_00000267b0dec630;  1 drivers
v00000267b0de6d10_0 .net *"_ivl_9", 0 0, L_00000267b0def8d0;  1 drivers
v00000267b0de7490_0 .net "a", 1 0, L_00000267b0ded210;  1 drivers
v00000267b0de7530_0 .net "en", 0 0, L_00000267b0dec1d0;  1 drivers
v00000267b0de66d0_0 .net "w", 1 0, L_00000267b0decef0;  1 drivers
v00000267b0de6bd0_0 .net "y", 3 0, L_00000267b0ded2b0;  1 drivers
L_00000267b0ded710 .part L_00000267b0ded210, 0, 1;
L_00000267b0decef0 .concat8 [ 1 1 0 0], L_00000267b0d8c7b0, L_00000267b0def010;
L_00000267b0dec630 .part L_00000267b0ded210, 1, 1;
L_00000267b0debc30 .part L_00000267b0decef0, 0, 1;
L_00000267b0ded350 .part L_00000267b0decef0, 1, 1;
L_00000267b0decf90 .part L_00000267b0ded210, 0, 1;
L_00000267b0dec9f0 .part L_00000267b0decef0, 1, 1;
L_00000267b0ded8f0 .part L_00000267b0decef0, 0, 1;
L_00000267b0ded030 .part L_00000267b0ded210, 1, 1;
L_00000267b0ded2b0 .concat8 [ 1 1 1 1], L_00000267b0def8d0, L_00000267b0deefa0, L_00000267b0deec20, L_00000267b0deebb0;
L_00000267b0deda30 .part L_00000267b0ded210, 0, 1;
L_00000267b0ded990 .part L_00000267b0ded210, 1, 1;
    .scope S_00000267b0d914b0;
T_0 ;
    %vpi_call 2 8 "$dumpfile", "decoder4.vcd" {0 0 0};
    %vpi_call 2 9 "$dumpvars", 32'sb00000000000000000000000000000000, S_00000267b0d914b0 {0 0 0};
    %pushi/vec4 0, 0, 1;
    %store/vec4 v00000267b0de8770_0, 0, 1;
    %pushi/vec4 15, 15, 4;
    %store/vec4 v00000267b0de9e90_0, 0, 4;
    %delay 5, 0;
    %pushi/vec4 1, 0, 1;
    %store/vec4 v00000267b0de8770_0, 0, 1;
    %pushi/vec4 0, 0, 4;
    %store/vec4 v00000267b0de9e90_0, 0, 4;
    %delay 5, 0;
    %pushi/vec4 1, 0, 1;
    %store/vec4 v00000267b0de8770_0, 0, 1;
    %pushi/vec4 1, 0, 4;
    %store/vec4 v00000267b0de9e90_0, 0, 4;
    %delay 5, 0;
    %pushi/vec4 1, 0, 1;
    %store/vec4 v00000267b0de8770_0, 0, 1;
    %pushi/vec4 2, 0, 4;
    %store/vec4 v00000267b0de9e90_0, 0, 4;
    %delay 5, 0;
    %pushi/vec4 1, 0, 1;
    %store/vec4 v00000267b0de8770_0, 0, 1;
    %pushi/vec4 3, 0, 4;
    %store/vec4 v00000267b0de9e90_0, 0, 4;
    %delay 5, 0;
    %pushi/vec4 1, 0, 1;
    %store/vec4 v00000267b0de8770_0, 0, 1;
    %pushi/vec4 4, 0, 4;
    %store/vec4 v00000267b0de9e90_0, 0, 4;
    %delay 5, 0;
    %pushi/vec4 1, 0, 1;
    %store/vec4 v00000267b0de8770_0, 0, 1;
    %pushi/vec4 5, 0, 4;
    %store/vec4 v00000267b0de9e90_0, 0, 4;
    %delay 5, 0;
    %pushi/vec4 1, 0, 1;
    %store/vec4 v00000267b0de8770_0, 0, 1;
    %pushi/vec4 6, 0, 4;
    %store/vec4 v00000267b0de9e90_0, 0, 4;
    %delay 5, 0;
    %pushi/vec4 1, 0, 1;
    %store/vec4 v00000267b0de8770_0, 0, 1;
    %pushi/vec4 7, 0, 4;
    %store/vec4 v00000267b0de9e90_0, 0, 4;
    %delay 5, 0;
    %pushi/vec4 1, 0, 1;
    %store/vec4 v00000267b0de8770_0, 0, 1;
    %pushi/vec4 8, 0, 4;
    %store/vec4 v00000267b0de9e90_0, 0, 4;
    %delay 5, 0;
    %pushi/vec4 1, 0, 1;
    %store/vec4 v00000267b0de8770_0, 0, 1;
    %pushi/vec4 9, 0, 4;
    %store/vec4 v00000267b0de9e90_0, 0, 4;
    %delay 5, 0;
    %pushi/vec4 1, 0, 1;
    %store/vec4 v00000267b0de8770_0, 0, 1;
    %pushi/vec4 10, 0, 4;
    %store/vec4 v00000267b0de9e90_0, 0, 4;
    %delay 5, 0;
    %pushi/vec4 1, 0, 1;
    %store/vec4 v00000267b0de8770_0, 0, 1;
    %pushi/vec4 11, 0, 4;
    %store/vec4 v00000267b0de9e90_0, 0, 4;
    %delay 5, 0;
    %pushi/vec4 1, 0, 1;
    %store/vec4 v00000267b0de8770_0, 0, 1;
    %pushi/vec4 12, 0, 4;
    %store/vec4 v00000267b0de9e90_0, 0, 4;
    %delay 5, 0;
    %pushi/vec4 1, 0, 1;
    %store/vec4 v00000267b0de8770_0, 0, 1;
    %pushi/vec4 13, 0, 4;
    %store/vec4 v00000267b0de9e90_0, 0, 4;
    %delay 5, 0;
    %pushi/vec4 1, 0, 1;
    %store/vec4 v00000267b0de8770_0, 0, 1;
    %pushi/vec4 14, 0, 4;
    %store/vec4 v00000267b0de9e90_0, 0, 4;
    %delay 5, 0;
    %pushi/vec4 1, 0, 1;
    %store/vec4 v00000267b0de8770_0, 0, 1;
    %pushi/vec4 15, 0, 4;
    %store/vec4 v00000267b0de9e90_0, 0, 4;
    %delay 5, 0;
    %vpi_call 2 27 "$finish" {0 0 0};
    %end;
    .thread T_0;
    .scope S_00000267b0d914b0;
T_1 ;
    %vpi_call 2 31 "$monitor", "Time=%d,en=%b a=%b y=%b ", $time, v00000267b0de8770_0, v00000267b0de9e90_0, v00000267b0de95d0_0 {0 0 0};
    %end;
    .thread T_1;
# The file index is used to find the file name in the following table.
:file_names 6;
    "N/A";
    "<interactive>";
    "Test4.v";
    "Decoder4.v";
    "./decoder3.v";
    "./decoder2.v";
